<?xml version="1.0" encoding="utf-8"?><testsuites name="pytest tests"><testsuite name="pytest" errors="0" failures="0" skipped="0" tests="3" time="1.570" timestamp="2026-03-06T13:35:13.994081+00:00" hostname="agent-env-e6c2c908-8fdb-4a5f-a821-5925405c681b"><testcase classname="tests.test_issue3_barcode.TestIssue3Barcode" name="test_get_client_for_shipment" time="0.439" /><testcase classname="tests.test_issue3_barcode.TestIssue3Barcode" name="test_create_shipment_has_barcode" time="0.517" /><testcase classname="tests.test_issue3_barcode.TestIssue3Barcode" name="test_barcode_format_validation" time="0.566" /></testsuite></testsuites>