<?xml version="1.0" encoding="utf-8"?><testsuites name="pytest tests"><testsuite name="pytest" errors="0" failures="0" skipped="0" tests="5" time="1.018" timestamp="2026-03-06T09:51:49.650542+00:00" hostname="agent-env-449f6dc7-ab48-4593-9bf2-4aa4f9085bc0"><testcase classname="backend.tests.test_bug_fixes" name="test_system_export" time="0.580" /><testcase classname="backend.tests.test_bug_fixes" name="test_list_payments" time="0.057" /><testcase classname="backend.tests.test_bug_fixes" name="test_record_payment_endpoint_exists" time="0.158" /><testcase classname="backend.tests.test_bug_fixes" name="test_warehouse_parcels_barcode_format" time="0.060" /><testcase classname="backend.tests.test_bug_fixes" name="test_migrate_barcodes_endpoint" time="0.061" /></testsuite></testsuites>