<?xml version="1.0" encoding="utf-8"?><testsuites name="pytest tests"><testsuite name="pytest" errors="0" failures="1" skipped="1" tests="6" time="0.912" timestamp="2026-03-06T08:37:49.644839+00:00" hostname="agent-env-449f6dc7-ab48-4593-9bf2-4aa4f9085bc0"><testcase classname="backend.tests.test_session_qrt.TestBarcodeFormat" name="test_barcode_service_generates_8digit" time="0.537"><failure message="AssertionError: No clients found&#10;assert 0 &gt; 0&#10; +  where 0 = len([])">backend/tests/test_session_qrt.py:28: in test_barcode_service_generates_8digit
    assert len(clients) &gt; 0, "No clients found"
E   AssertionError: No clients found
E   assert 0 &gt; 0
E    +  where 0 = len([])</failure></testcase><testcase classname="backend.tests.test_session_qrt.TestPaymentRecording" name="test_record_payment_endpoint_exists" time="0.059"><skipped type="pytest.skip" message="No finalized invoices to test payment recording">/app/backend/tests/test_session_qrt.py:61: No finalized invoices to test payment recording</skipped></testcase><testcase classname="backend.tests.test_session_qrt.TestSystemExport" name="test_system_export_endpoint" time="0.058" /><testcase classname="backend.tests.test_session_qrt.TestEmailAlerts" name="test_get_email_alerts" time="0.061" /><testcase classname="backend.tests.test_session_qrt.TestEmailAlerts" name="test_update_email_alerts" time="0.051" /><testcase classname="backend.tests.test_session_qrt.TestWarehouseNoTrip" name="test_warehouse_parcels_api" time="0.056" /></testsuite></testsuites>